19:09:07: Creating resource group General
19:09:07: Creating resource group Internal
19:09:07: Creating resource group Autodetect
19:09:07: SceneManagerFactory for type 'DefaultSceneManager' registered.
19:09:07: Registering ResourceManager for type Material
19:09:07: Registering ResourceManager for type Mesh
19:09:07: Registering ResourceManager for type Skeleton
19:09:07: MovableObjectFactory for type 'ParticleSystem' registered.
19:09:07: ArchiveFactory for archive type FileSystem registered.
19:09:07: ArchiveFactory for archive type Zip registered.
19:09:07: ArchiveFactory for archive type EmbeddedZip registered.
19:09:07: DDS codec registering
19:09:07: FreeImage version: 3.15.3
19:09:07: This program uses FreeImage, a free, open source image library supporting all common bitmap formats. See http://freeimage.sourceforge.net for details
19:09:07: Supported formats: bmp,ico,jpg,jif,jpeg,jpe,jng,koa,iff,lbm,mng,pbm,pbm,pcd,pcx,pgm,pgm,png,ppm,ppm,ras,tga,targa,tif,tiff,wap,wbmp,wbm,psd,cut,xbm,xpm,gif,hdr,g3,sgi,exr,j2k,j2c,jp2,pfm,pct,pict,pic,3fr,arw,bay,bmq,cap,cine,cr2,crw,cs1,dc2,dcr,drf,dsc,dng,erf,fff,ia,iiq,k25,kc2,kdc,mdc,mef,mos,mrw,nef,nrw,orf,pef,ptx,pxn,qtk,raf,raw,rdc,rw2,rwl,rwz,sr2,srf,srw,sti
19:09:07: Registering ResourceManager for type HighLevelGpuProgram
19:09:07: Registering ResourceManager for type Compositor
19:09:07: MovableObjectFactory for type 'Entity' registered.
19:09:07: MovableObjectFactory for type 'Light' registered.
19:09:07: MovableObjectFactory for type 'BillboardSet' registered.
19:09:07: MovableObjectFactory for type 'ManualObject' registered.
19:09:07: MovableObjectFactory for type 'BillboardChain' registered.
19:09:07: MovableObjectFactory for type 'RibbonTrail' registered.
19:09:07: Loading library .\RenderSystem_Direct3D9_d
19:09:07: Installing plugin: D3D9 RenderSystem
19:09:07: D3D9 : Direct3D9 Rendering Subsystem created.
19:09:07: D3D9: Driver Detection Starts
19:09:07: D3D9: Driver Detection Ends
19:09:07: Plugin successfully installed
19:09:07: Loading library .\RenderSystem_GL_d
19:09:07: Installing plugin: GL RenderSystem
19:09:07: OpenGL Rendering Subsystem created.
19:09:07: Plugin successfully installed
19:09:07: Loading library .\Plugin_PCZSceneManager_d
19:09:07: Installing plugin: Portal Connected Zone Scene Manager
19:09:07: PCZone Factory Type 'ZoneType_Default' registered
19:09:07: Plugin successfully installed
19:09:07: Loading library .\Plugin_OctreeZone_d
19:09:07: Installing plugin: Octree Zone Factory
19:09:07: Plugin successfully installed
19:09:07: Loading library .\Plugin_OctreeSceneManager_d
19:09:07: Installing plugin: Octree Scene Manager
19:09:07: Plugin successfully installed
19:09:07: *-*-* OGRE Initialising
19:09:07: *-*-* Version 1.9.0 (Ghadamon)
19:09:07: Added resource location '../OgrePong/Content/' of type 'FileSystem' to resource group 'General'
19:09:07: Added resource location '../OgrePong/Content//Models/' of type 'FileSystem' to resource group 'General'
19:09:07: Added resource location '../OgrePong/Content//Materials/' of type 'FileSystem' to resource group 'General'
19:09:07: Added resource location '../OgrePong/Content/Overlays/' of type 'FileSystem' to resource group 'General'
19:09:07: D3D9 : RenderSystem Option: Allow DirectX9Ex = No
19:09:07: D3D9 : RenderSystem Option: Allow NVPerfHUD = No
19:09:07: D3D9 : RenderSystem Option: FSAA = 0
19:09:07: D3D9 : RenderSystem Option: Fixed Pipeline Enabled = Yes
19:09:07: D3D9 : RenderSystem Option: Floating-point mode = Fastest
19:09:07: D3D9 : RenderSystem Option: Full Screen = No
19:09:07: D3D9 : RenderSystem Option: Multi device memory hint = Use minimum system memory
19:09:07: D3D9 : RenderSystem Option: Rendering Device = Monitor-1-Intel(R) HD Graphics 4000
19:09:07: D3D9 : RenderSystem Option: Resource Creation Policy = Create on all devices
19:09:07: D3D9 : RenderSystem Option: Use Multihead = Auto
19:09:07: D3D9 : RenderSystem Option: VSync = No
19:09:07: D3D9 : RenderSystem Option: VSync Interval = 1
19:09:07: D3D9 : RenderSystem Option: Video Mode = 800 x 600 @ 32-bit colour
19:09:07: D3D9 : RenderSystem Option: sRGB Gamma Conversion = No
19:09:09: CPU Identifier & Features
19:09:09: -------------------------
19:09:09:  *   CPU ID: GenuineIntel: Intel(R) Core(TM) i7-3520M CPU @ 2.90GHz
19:09:09:  *      SSE: yes
19:09:09:  *     SSE2: yes
19:09:09:  *     SSE3: yes
19:09:09:  *      MMX: yes
19:09:09:  *   MMXEXT: yes
19:09:09:  *    3DNOW: no
19:09:09:  * 3DNOWEXT: no
19:09:09:  *     CMOV: yes
19:09:09:  *      TSC: yes
19:09:09:  *      FPU: yes
19:09:09:  *      PRO: yes
19:09:09:  *       HT: no
19:09:09: -------------------------
19:09:09: D3D9 : Subsystem Initialising
19:09:09: Registering ResourceManager for type Texture
19:09:09: Registering ResourceManager for type GpuProgram
19:09:09: D3D9RenderSystem::_createRenderWindow "OGRE Render Window", 800x600 windowed  miscParams: FSAA=0 FSAAHint= colourDepth=32 gamma=false monitorIndex=0 useNVPerfHUD=false vsync=false vsyncInterval=1 
19:09:09: D3D9 : Created D3D9 Rendering Window 'OGRE Render Window' : 800x600, 32bpp
19:09:09: D3D9 : WARNING - disabling VSync in windowed mode can cause timing issues at lower frame rates, turn VSync on if you observe this problem.
19:09:09: D3D9: Vertex texture format supported - PF_L8
19:09:09: D3D9: Vertex texture format supported - PF_L16
19:09:09: D3D9: Vertex texture format supported - PF_A8
19:09:09: D3D9: Vertex texture format supported - PF_A4L4
19:09:09: D3D9: Vertex texture format supported - PF_BYTE_LA
19:09:09: D3D9: Vertex texture format supported - PF_R5G6B5
19:09:09: D3D9: Vertex texture format supported - PF_B5G6R5
19:09:09: D3D9: Vertex texture format supported - PF_A4R4G4B4
19:09:09: D3D9: Vertex texture format supported - PF_A1R5G5B5
19:09:09: D3D9: Vertex texture format supported - PF_A8R8G8B8
19:09:09: D3D9: Vertex texture format supported - PF_B8G8R8A8
19:09:09: D3D9: Vertex texture format supported - PF_A2R10G10B10
19:09:09: D3D9: Vertex texture format supported - PF_A2B10G10R10
19:09:09: D3D9: Vertex texture format supported - PF_DXT1
19:09:09: D3D9: Vertex texture format supported - PF_DXT2
19:09:09: D3D9: Vertex texture format supported - PF_DXT3
19:09:09: D3D9: Vertex texture format supported - PF_DXT4
19:09:09: D3D9: Vertex texture format supported - PF_DXT5
19:09:09: D3D9: Vertex texture format supported - PF_FLOAT16_RGB
19:09:09: D3D9: Vertex texture format supported - PF_FLOAT16_RGBA
19:09:09: D3D9: Vertex texture format supported - PF_FLOAT32_RGB
19:09:09: D3D9: Vertex texture format supported - PF_FLOAT32_RGBA
19:09:09: D3D9: Vertex texture format supported - PF_X8R8G8B8
19:09:09: D3D9: Vertex texture format supported - PF_R8G8B8A8
19:09:09: D3D9: Vertex texture format supported - PF_DEPTH
19:09:09: D3D9: Vertex texture format supported - PF_SHORT_RGBA
19:09:09: D3D9: Vertex texture format supported - PF_FLOAT16_R
19:09:09: D3D9: Vertex texture format supported - PF_FLOAT32_R
19:09:09: D3D9: Vertex texture format supported - PF_SHORT_GR
19:09:09: D3D9: Vertex texture format supported - PF_FLOAT16_GR
19:09:09: D3D9: Vertex texture format supported - PF_FLOAT32_GR
19:09:09: D3D9: Vertex texture format supported - PF_SHORT_RGB
19:09:09: D3D9: Vertex texture format supported - PF_PVRTC_RGB2
19:09:09: D3D9: Vertex texture format supported - PF_PVRTC_RGBA2
19:09:09: D3D9: Vertex texture format supported - PF_PVRTC_RGB4
19:09:09: D3D9: Vertex texture format supported - PF_PVRTC_RGBA4
19:09:09: D3D9: Vertex texture format supported - PF_PVRTC2_2BPP
19:09:09: D3D9: Vertex texture format supported - PF_PVRTC2_4BPP
19:09:09: D3D9: Vertex texture format supported - PF_R11G11B10_FLOAT
19:09:09: D3D9: Vertex texture format supported - PF_R8_UINT
19:09:09: D3D9: Vertex texture format supported - PF_R8G8_UINT
19:09:09: D3D9: Vertex texture format supported - PF_R8G8B8_UINT
19:09:09: D3D9: Vertex texture format supported - PF_R8G8B8A8_UINT
19:09:09: D3D9: Vertex texture format supported - PF_R16_UINT
19:09:09: D3D9: Vertex texture format supported - PF_R16G16_UINT
19:09:09: D3D9: Vertex texture format supported - PF_R16G16B16_UINT
19:09:09: D3D9: Vertex texture format supported - PF_R16G16B16A16_UINT
19:09:09: D3D9: Vertex texture format supported - PF_R32_UINT
19:09:09: D3D9: Vertex texture format supported - PF_R32G32_UINT
19:09:09: D3D9: Vertex texture format supported - PF_R32G32B32_UINT
19:09:09: D3D9: Vertex texture format supported - PF_R32G32B32A32_UINT
19:09:09: D3D9: Vertex texture format supported - PF_R8_SINT
19:09:09: D3D9: Vertex texture format supported - PF_R8G8_SINT
19:09:09: D3D9: Vertex texture format supported - PF_R8G8B8_SINT
19:09:09: D3D9: Vertex texture format supported - PF_R8G8B8A8_SINT
19:09:09: D3D9: Vertex texture format supported - PF_R16_SINT
19:09:09: D3D9: Vertex texture format supported - PF_R16G16_SINT
19:09:09: D3D9: Vertex texture format supported - PF_R16G16B16_SINT
19:09:09: D3D9: Vertex texture format supported - PF_R16G16B16A16_SINT
19:09:09: D3D9: Vertex texture format supported - PF_R32_SINT
19:09:09: D3D9: Vertex texture format supported - PF_R32G32_SINT
19:09:09: D3D9: Vertex texture format supported - PF_R32G32B32_SINT
19:09:09: D3D9: Vertex texture format supported - PF_R32G32B32A32_SINT
19:09:09: D3D9: Vertex texture format supported - PF_R9G9B9E5_SHAREDEXP
19:09:09: D3D9: Vertex texture format supported - PF_BC4_UNORM
19:09:09: D3D9: Vertex texture format supported - PF_BC4_SNORM
19:09:09: D3D9: Vertex texture format supported - PF_BC5_UNORM
19:09:09: D3D9: Vertex texture format supported - PF_BC5_SNORM
19:09:09: D3D9: Vertex texture format supported - PF_BC6H_UF16
19:09:09: D3D9: Vertex texture format supported - PF_BC6H_SF16
19:09:09: D3D9: Vertex texture format supported - PF_BC7_UNORM
19:09:09: D3D9: Vertex texture format supported - PF_BC7_UNORM_SRGB
19:09:09: D3D9: Vertex texture format supported - PF_R8
19:09:09: D3D9: Vertex texture format supported - PF_RG8
19:09:09: D3D9: Vertex texture format supported - PF_R8_SNORM
19:09:09: D3D9: Vertex texture format supported - PF_R8G8_SNORM
19:09:09: D3D9: Vertex texture format supported - PF_R8G8B8_SNORM
19:09:09: D3D9: Vertex texture format supported - PF_R8G8B8A8_SNORM
19:09:09: D3D9: Vertex texture format supported - PF_R16_SNORM
19:09:09: D3D9: Vertex texture format supported - PF_R16G16_SNORM
19:09:09: D3D9: Vertex texture format supported - PF_R16G16B16_SNORM
19:09:09: D3D9: Vertex texture format supported - PF_R16G16B16A16_SNORM
19:09:09: D3D9: Vertex texture format supported - PF_ETC1_RGB8
19:09:09: D3D9: Vertex texture format supported - PF_ETC2_RGB8
19:09:09: D3D9: Vertex texture format supported - PF_ETC2_RGBA8
19:09:09: D3D9: Vertex texture format supported - PF_ETC2_RGB8A1
19:09:09: D3D9: Vertex texture format supported - PF_ATC_RGB
19:09:09: D3D9: Vertex texture format supported - PF_ATC_RGBA_EXPLICIT_ALPHA
19:09:09: D3D9: Vertex texture format supported - PF_ATC_RGBA_INTERPOLATED_ALPHA
19:09:09: RenderSystem capabilities
19:09:09: -------------------------
19:09:09: RenderSystem Name: Direct3D9 Rendering Subsystem
19:09:09: GPU Vendor: intel
19:09:09: Device Name: Monitor-1-Intel(R) HD Graphics 4000
19:09:09: Driver Version: 10.18.10.3345
19:09:09:  * Fixed function pipeline: yes
19:09:09:  * Hardware generation of mipmaps: yes
19:09:09:  * Texture blending: yes
19:09:09:  * Anisotropic texture filtering: yes
19:09:09:  * Dot product texture operation: yes
19:09:09:  * Cube mapping: yes
19:09:09:  * Hardware stencil buffer: yes
19:09:09:    - Stencil depth: 8
19:09:09:    - Two sided stencil support: yes
19:09:09:    - Wrap stencil values: yes
19:09:09:  * Hardware vertex / index buffers: yes
19:09:09:  * Vertex programs: yes
19:09:09:  * Number of floating-point constants for vertex programs: 256
19:09:09:  * Number of integer constants for vertex programs: 16
19:09:09:  * Number of boolean constants for vertex programs: 16
19:09:09:  * Fragment programs: yes
19:09:09:  * Number of floating-point constants for fragment programs: 224
19:09:09:  * Number of integer constants for fragment programs: 16
19:09:09:  * Number of boolean constants for fragment programs: 16
19:09:09:  * Geometry programs: no
19:09:09:  * Number of floating-point constants for geometry programs: 0
19:09:09:  * Number of integer constants for geometry programs: 0
19:09:09:  * Number of boolean constants for geometry programs: 0
19:09:09:  * Tesselation Hull programs: no
19:09:09:  * Number of floating-point constants for tesselation hull programs: 0
19:09:09:  * Number of integer constants for tesselation hull programs: 0
19:09:09:  * Number of boolean constants for tesselation hull programs: 0
19:09:09:  * Tesselation Domain programs: no
19:09:09:  * Number of floating-point constants for tesselation domain programs: 0
19:09:09:  * Number of integer constants for tesselation domain programs: 0
19:09:09:  * Number of boolean constants for tesselation domain programs: 0
19:09:09:  * Compute programs: no
19:09:09:  * Number of floating-point constants for compute programs: 0
19:09:09:  * Number of integer constants for compute programs: 0
19:09:09:  * Number of boolean constants for compute programs: 0
19:09:09:  * Supported Shader Profiles: hlsl ps_1_1 ps_1_2 ps_1_3 ps_1_4 ps_2_0 ps_2_a ps_2_b ps_2_x ps_3_0 vs_1_1 vs_2_0 vs_2_a vs_2_x vs_3_0
19:09:09:  * Texture Compression: yes
19:09:09:    - DXT: yes
19:09:09:    - VTC: no
19:09:09:    - PVRTC: no
19:09:09:    - ATC: no
19:09:09:    - ETC1: no
19:09:09:    - ETC2: no
19:09:09:    - BC4/BC5: no
19:09:09:    - BC6H/BC7: no
19:09:09:  * Scissor Rectangle: yes
19:09:09:  * Hardware Occlusion Query: yes
19:09:09:  * User clip planes: yes
19:09:09:  * VET_UBYTE4 vertex element type: yes
19:09:09:  * Infinite far plane projection: yes
19:09:09:  * Hardware render-to-texture: yes
19:09:09:  * Floating point textures: yes
19:09:09:  * Non-power-of-two textures: yes
19:09:09:  * 1d textures: yes
19:09:09:  * Volume textures: yes
19:09:09:  * Multiple Render Targets: 4
19:09:09:    - With different bit depths: yes
19:09:09:  * Point Sprites: yes
19:09:09:  * Extended point parameters: yes
19:09:09:  * Max Point Size: 256
19:09:09:  * Vertex texture fetch: yes
19:09:09:  * Number of world matrices: 0
19:09:09:  * Number of texture units: 8
19:09:09:  * Stencil buffer depth: 8
19:09:09:  * Number of vertex blend matrices: 0
19:09:09:    - Max vertex textures: 4
19:09:09:    - Vertex textures shared: no
19:09:09:  * Render to Vertex Buffer : no
19:09:09:  * Hardware Atomic Counters: no
19:09:09:  * DirectX per stage constants: yes
19:09:09: ***************************************
19:09:09: *** D3D9 : Subsystem Initialised OK ***
19:09:09: ***************************************
19:09:09: DefaultWorkQueue('Root') initialising on thread 5d0.
19:09:09: DefaultWorkQueue('Root')::WorkerFunc - thread da8 starting.
19:09:09: DefaultWorkQueue('Root')::WorkerFunc - thread 1054 starting.
19:09:09: DefaultWorkQueue('Root')::WorkerFunc - thread 2d6c starting.
19:09:09: DefaultWorkQueue('Root')::WorkerFunc - thread 10b4 starting.
19:09:09: Particle Renderer Type 'billboard' registered
19:09:09: SceneManagerFactory for type 'PCZSceneManager' registered.
19:09:09: MovableObjectFactory for type 'PCZLight' registered.
19:09:09: MovableObjectFactory for type 'Portal' registered.
19:09:09: MovableObjectFactory for type 'AntiPortal' registered.
19:09:09: PCZone Factory Type 'ZoneType_Octree' registered
19:09:09: SceneManagerFactory for type 'OctreeSceneManager' registered.
19:09:09: OverlayElementFactory for type Panel registered.
19:09:09: OverlayElementFactory for type BorderPanel registered.
19:09:09: OverlayElementFactory for type TextArea registered.
19:09:09: Registering ResourceManager for type Font
19:09:09: Parsing scripts for resource group Autodetect
19:09:09: Finished parsing scripts for resource group Autodetect
19:09:09: Creating resources for group Autodetect
19:09:09: All done
19:09:09: Parsing scripts for resource group General
19:09:09: Parsing script CoinMat.material
19:09:09: Parsing script SolidColor.material
19:09:09: Parsing script bluehigh.fontdef
19:09:09: Parsing script Example.overlay
19:09:09: Parsing script GameOver.overlay
19:09:09: Parsing script Scoreboard.overlay
19:09:09: Parsing script StartMenu.overlay
19:09:09: Finished parsing scripts for resource group General
19:09:09: Creating resources for group General
19:09:09: All done
19:09:09: Parsing scripts for resource group Internal
19:09:09: Finished parsing scripts for resource group Internal
19:09:09: Creating resources for group Internal
19:09:09: All done
19:09:09: Font BlueHighwayBig using texture size 1024x1024
19:09:09: Info: Freetype returned null for character 127 in font BlueHighwayBig
19:09:09: Info: Freetype returned null for character 128 in font BlueHighwayBig
19:09:09: Info: Freetype returned null for character 129 in font BlueHighwayBig
19:09:09: Info: Freetype returned null for character 130 in font BlueHighwayBig
19:09:09: Info: Freetype returned null for character 131 in font BlueHighwayBig
19:09:09: Info: Freetype returned null for character 132 in font BlueHighwayBig
19:09:09: Info: Freetype returned null for character 133 in font BlueHighwayBig
19:09:09: Info: Freetype returned null for character 134 in font BlueHighwayBig
19:09:09: Info: Freetype returned null for character 135 in font BlueHighwayBig
19:09:09: Info: Freetype returned null for character 136 in font BlueHighwayBig
19:09:09: Info: Freetype returned null for character 137 in font BlueHighwayBig
19:09:09: Info: Freetype returned null for character 138 in font BlueHighwayBig
19:09:09: Info: Freetype returned null for character 139 in font BlueHighwayBig
19:09:09: Info: Freetype returned null for character 140 in font BlueHighwayBig
19:09:09: Info: Freetype returned null for character 141 in font BlueHighwayBig
19:09:09: Info: Freetype returned null for character 142 in font BlueHighwayBig
19:09:09: Info: Freetype returned null for character 143 in font BlueHighwayBig
19:09:09: Info: Freetype returned null for character 144 in font BlueHighwayBig
19:09:09: Info: Freetype returned null for character 145 in font BlueHighwayBig
19:09:09: Info: Freetype returned null for character 146 in font BlueHighwayBig
19:09:09: Info: Freetype returned null for character 147 in font BlueHighwayBig
19:09:09: Info: Freetype returned null for character 148 in font BlueHighwayBig
19:09:09: Info: Freetype returned null for character 149 in font BlueHighwayBig
19:09:09: Info: Freetype returned null for character 150 in font BlueHighwayBig
19:09:09: Info: Freetype returned null for character 151 in font BlueHighwayBig
19:09:09: Info: Freetype returned null for character 152 in font BlueHighwayBig
19:09:09: Info: Freetype returned null for character 153 in font BlueHighwayBig
19:09:09: Info: Freetype returned null for character 154 in font BlueHighwayBig
19:09:09: Info: Freetype returned null for character 155 in font BlueHighwayBig
19:09:09: Info: Freetype returned null for character 156 in font BlueHighwayBig
19:09:09: Info: Freetype returned null for character 157 in font BlueHighwayBig
19:09:09: Info: Freetype returned null for character 158 in font BlueHighwayBig
19:09:09: Info: Freetype returned null for character 159 in font BlueHighwayBig
19:09:09: Info: Freetype returned null for character 160 in font BlueHighwayBig
19:09:09: Texture: BlueHighwayBigTexture: Loading 1 faces(PF_BYTE_LA,1024x1024x1) with 0 generated mipmaps from Image. Internal format is PF_BYTE_LA,1024x1024x1.
19:09:09: Font BlueHighway8 using texture size 256x128
19:09:09: Info: Freetype returned null for character 96 in font BlueHighway8
19:09:09: Info: Freetype returned null for character 127 in font BlueHighway8
19:09:09: Info: Freetype returned null for character 128 in font BlueHighway8
19:09:09: Info: Freetype returned null for character 129 in font BlueHighway8
19:09:09: Info: Freetype returned null for character 130 in font BlueHighway8
19:09:09: Info: Freetype returned null for character 131 in font BlueHighway8
19:09:09: Info: Freetype returned null for character 132 in font BlueHighway8
19:09:09: Info: Freetype returned null for character 133 in font BlueHighway8
19:09:09: Info: Freetype returned null for character 134 in font BlueHighway8
19:09:09: Info: Freetype returned null for character 135 in font BlueHighway8
19:09:09: Info: Freetype returned null for character 136 in font BlueHighway8
19:09:09: Info: Freetype returned null for character 137 in font BlueHighway8
19:09:09: Info: Freetype returned null for character 138 in font BlueHighway8
19:09:09: Info: Freetype returned null for character 139 in font BlueHighway8
19:09:09: Info: Freetype returned null for character 140 in font BlueHighway8
19:09:09: Info: Freetype returned null for character 141 in font BlueHighway8
19:09:09: Info: Freetype returned null for character 142 in font BlueHighway8
19:09:09: Info: Freetype returned null for character 143 in font BlueHighway8
19:09:09: Info: Freetype returned null for character 144 in font BlueHighway8
19:09:09: Info: Freetype returned null for character 145 in font BlueHighway8
19:09:09: Info: Freetype returned null for character 146 in font BlueHighway8
19:09:09: Info: Freetype returned null for character 147 in font BlueHighway8
19:09:09: Info: Freetype returned null for character 148 in font BlueHighway8
19:09:09: Info: Freetype returned null for character 149 in font BlueHighway8
19:09:09: Info: Freetype returned null for character 150 in font BlueHighway8
19:09:09: Info: Freetype returned null for character 151 in font BlueHighway8
19:09:09: Info: Freetype returned null for character 152 in font BlueHighway8
19:09:09: Info: Freetype returned null for character 153 in font BlueHighway8
19:09:09: Info: Freetype returned null for character 154 in font BlueHighway8
19:09:09: Info: Freetype returned null for character 155 in font BlueHighway8
19:09:09: Info: Freetype returned null for character 156 in font BlueHighway8
19:09:09: Info: Freetype returned null for character 157 in font BlueHighway8
19:09:09: Info: Freetype returned null for character 158 in font BlueHighway8
19:09:09: Info: Freetype returned null for character 159 in font BlueHighway8
19:09:09: Info: Freetype returned null for character 160 in font BlueHighway8
19:09:09: Texture: BlueHighway8Texture: Loading 1 faces(PF_BYTE_LA,256x128x1) with 0 generated mipmaps from Image. Internal format is PF_BYTE_LA,256x128x1.
19:09:29: DefaultWorkQueue('Root') shutting down on thread 5d0.
19:09:29: DefaultWorkQueue('Root')::WorkerFunc - thread 1054 stopped.
19:09:29: DefaultWorkQueue('Root')::WorkerFunc - thread 10b4 stopped.
19:09:29: DefaultWorkQueue('Root')::WorkerFunc - thread da8 stopped.
19:09:29: DefaultWorkQueue('Root')::WorkerFunc - thread 2d6c stopped.
19:09:29: PCZone Factory Type 'ZoneType_Octree' unregistered
19:09:29: *-*-* OGRE Shutdown
19:09:29: Unregistering ResourceManager for type Compositor
19:09:29: Unregistering ResourceManager for type Skeleton
19:09:29: Unregistering ResourceManager for type Mesh
19:09:29: Unregistering ResourceManager for type HighLevelGpuProgram
19:09:29: Uninstalling plugin: Octree Scene Manager
19:09:29: Plugin successfully uninstalled
19:09:29: Unloading library .\Plugin_OctreeSceneManager_d
19:09:29: Uninstalling plugin: Octree Zone Factory
19:09:29: Plugin successfully uninstalled
19:09:29: Unloading library .\Plugin_OctreeZone_d
19:09:29: Uninstalling plugin: Portal Connected Zone Scene Manager
19:09:29: Plugin successfully uninstalled
19:09:29: Unloading library .\Plugin_PCZSceneManager_d
19:09:29: Uninstalling plugin: GL RenderSystem
19:09:29: *** Stopping Win32GL Subsystem ***
19:09:29: Plugin successfully uninstalled
19:09:29: Unloading library .\RenderSystem_GL_d
19:09:29: Uninstalling plugin: D3D9 RenderSystem
19:09:29: D3D9 device: 0x[02F36FE0] destroy. Releasing D3D9 texture: BlueHighwayBigTexture
19:09:29: Released D3D9 texture: BlueHighwayBigTexture
19:09:29: D3D9 : Shutting down cleanly.
19:09:29: Unregistering ResourceManager for type Texture
19:09:29: Unregistering ResourceManager for type GpuProgram
19:09:29: D3D9 : Direct3D9 Rendering Subsystem destroyed.
19:09:29: Plugin successfully uninstalled
19:09:29: Unloading library .\RenderSystem_Direct3D9_d
19:09:29: Unregistering ResourceManager for type Material
