Build started 3/22/2016 7:06:27 PM.
     1>Project "C:\CS420\OgrePong\OgrePong\OgrePong.vcxproj" on node 2 (Build target(s)).
     1>ClCompile:
         C:\Program Files (x86)\Microsoft Visual Studio 11.0\VC\bin\CL.exe /c /I"C:\Users\Yi\Downloads\OgreSDK_vc11_v1-9-0/include/OGRE/Overlay" /I"C:\Users\Yi\Downloads\OgreSDK_vc11_v1-9-0/boost/" /I"C:\Users\Yi\Downloads\OgreSDK_vc11_v1-9-0/include/OIS" /I"C:\Users\Yi\Downloads\OgreSDK_vc11_v1-9-0/include/OGRE" /I"C:\Users\Yi\Downloads\OgreSDK_vc11_v1-9-0/include" /ZI /nologo /W3 /WX- /Od /Oy- /D WIN32 /D _DEBUG /D _WINDOWS /D _MBCS /Gm /EHsc /RTC1 /MDd /GS /fp:precise /Zc:wchar_t /Zc:forScope /Fo"Debug\\" /Fd"Debug\vc110.pdb" /Gd /TP /analyze- /errorReport:prompt AIManager.cpp Camera.cpp InputHandler.cpp main.cpp MainListener.cpp OgrePong.cpp World.cpp
         World.cpp
     1>c:\cs420\ogrepong\ogrepong\world.cpp(115): warning C4244: 'argument' : conversion from 'time_t' to 'unsigned int', possible loss of data
     1>c:\cs420\ogrepong\ogrepong\world.cpp(183): warning C4305: 'argument' : truncation from 'double' to 'Ogre::Real'
     1>c:\cs420\ogrepong\ogrepong\world.cpp(188): warning C4305: 'argument' : truncation from 'double' to 'Ogre::Real'
     1>c:\cs420\ogrepong\ogrepong\world.cpp(189): warning C4305: 'argument' : truncation from 'double' to 'Ogre::Real'
     1>c:\cs420\ogrepong\ogrepong\world.cpp(197): warning C4244: '=' : conversion from 'double' to 'float', possible loss of data
         OgrePong.cpp
         MainListener.cpp
         main.cpp
         InputHandler.cpp
         Camera.cpp
         AIManager.cpp
         Generating Code...
       Link:
         C:\Program Files (x86)\Microsoft Visual Studio 11.0\VC\bin\link.exe /ERRORREPORT:PROMPT /OUT:"C:\CS420\OgrePong\Debug\OgrePong.exe" /INCREMENTAL /NOLOGO /LIBPATH:"C:\Users\Yi\Downloads\OgreSDK_vc11_v1-9-0/boost/lib" /LIBPATH:"C:\Users\Yi\Downloads\OgreSDK_vc11_v1-9-0/lib/Debug" OIS_d.lib OgreMain_d.lib OgreOverlay_d.lib kernel32.lib user32.lib gdi32.lib winspool.lib comdlg32.lib advapi32.lib shell32.lib ole32.lib oleaut32.lib uuid.lib odbc32.lib odbccp32.lib /MANIFEST /MANIFESTUAC:"level='asInvoker' uiAccess='false'" /manifest:embed /DEBUG /PDB:"C:\CS420\OgrePong\Debug\OgrePong.pdb" /SUBSYSTEM:WINDOWS /TLBID:1 /DYNAMICBASE /NXCOMPAT /IMPLIB:"C:\CS420\OgrePong\Debug\OgrePong.lib" /MACHINE:X86 Debug\AIManager.obj
         Debug\Camera.obj
         Debug\InputHandler.obj
         Debug\main.obj
         Debug\MainListener.obj
         Debug\OgrePong.obj
         Debug\World.obj
         OgrePong.vcxproj -> C:\CS420\OgrePong\Debug\OgrePong.exe
       PostBuildEvent:
         copy "C:\Users\Yi\Downloads\OgreSDK_vc11_v1-9-0\bin\Debug\OgreMain_d.dll" "C:\CS420\OgrePong\Debug\"
         copy "C:\Users\Yi\Downloads\OgreSDK_vc11_v1-9-0\bin\Debug\OgreOverlay_d.dll" "C:\CS420\OgrePong\Debug\"
         copy "C:\Users\Yi\Downloads\OgreSDK_vc11_v1-9-0\bin\Debug\OIS_d.dll" "C:\CS420\OgrePong\Debug\"
         copy "C:\Users\Yi\Downloads\OgreSDK_vc11_v1-9-0\bin\Debug\RenderSystem_Direct3D9_d.dll" "C:\CS420\OgrePong\Debug\"
         copy "C:\Users\Yi\Downloads\OgreSDK_vc11_v1-9-0\bin\Debug\RenderSystem_Direct3D11_d.dll" "C:\CS420\OgrePong\Debug\"
         copy "C:\Users\Yi\Downloads\OgreSDK_vc11_v1-9-0\bin\Debug\RenderSystem_GL_d.dll" "C:\CS420\OgrePong\Debug\"
         copy "C:\Users\Yi\Downloads\OgreSDK_vc11_v1-9-0\bin\Debug\Plugin_OctreeZone_d.dll" "C:\CS420\OgrePong\Debug\"
         copy "C:\Users\Yi\Downloads\OgreSDK_vc11_v1-9-0\bin\Debug\Plugin_OctreeSceneManager_d.dll" "C:\CS420\OgrePong\Debug\"
         copy "C:\Users\Yi\Downloads\OgreSDK_vc11_v1-9-0\bin\Debug\Plugin_PCZSceneManager_d.dll" "C:\CS420\OgrePong\Debug\"
         
         copy plugins_d.cfg "C:\CS420\OgrePong\Debug\"
         copy resources_d.cfg "C:\CS420\OgrePong\Debug\"
         :VCEnd
                 1 file(s) copied.
                 1 file(s) copied.
                 1 file(s) copied.
                 1 file(s) copied.
                 1 file(s) copied.
                 1 file(s) copied.
                 1 file(s) copied.
                 1 file(s) copied.
                 1 file(s) copied.
                 1 file(s) copied.
                 1 file(s) copied.
     1>Done Building Project "C:\CS420\OgrePong\OgrePong\OgrePong.vcxproj" (Build target(s)).

Build succeeded.

Time Elapsed 00:02:37.41
